build/app/intermediates/manifest_merge_blame_file/debug/manifest-merger-blame-debug-report.txt
1<?xml version="1.0" encoding="utf-8"?>
2<manifest xmlns:android="http://schemas.android.com/apk/res/android"
3    package="com.example.lungonly"
4    android:versionCode="1"
5    android:versionName="1.0.0" >
6
7    <uses-sdk
8        android:minSdkVersion="19"
9        android:targetSdkVersion="33" />
10
11    <uses-permission android:name="android.permission.INTERNET" />
11-->[:firebase_messaging] AndroidManifest.xml:9:5-67
11-->[:firebase_messaging] AndroidManifest.xml:9:22-64
12    <uses-permission android:name="android.permission.WAKE_LOCK" />
12-->[:firebase_messaging] AndroidManifest.xml:10:5-68
12-->[:firebase_messaging] AndroidManifest.xml:10:22-65
13    <uses-permission android:name="android.permission.ACCESS_NETWORK_STATE" /> <!-- Permissions options for the `notification` group -->
13-->[:firebase_messaging] AndroidManifest.xml:11:5-79
13-->[:firebase_messaging] AndroidManifest.xml:11:22-76
14    <uses-permission android:name="android.permission.POST_NOTIFICATIONS" /> <!-- Required by older versions of Google Play services to create IID tokens -->
14-->[:firebase_messaging] AndroidManifest.xml:13:5-77
14-->[:firebase_messaging] AndroidManifest.xml:13:22-74
15    <uses-permission android:name="com.google.android.c2dm.permission.RECEIVE" />
15-->[com.google.firebase:firebase-iid:21.1.0] AndroidManifest.xml:26:5-82
15-->[com.google.firebase:firebase-iid:21.1.0] AndroidManifest.xml:26:22-79
16    <uses-permission android:name="com.google.android.gms.permission.AD_ID" />
16-->[com.google.android.gms:play-services-ads-lite:22.4.0] AndroidManifest.xml:26:5-79
16-->[com.google.android.gms:play-services-ads-lite:22.4.0] AndroidManifest.xml:26:22-76
17    <uses-permission android:name="android.permission.ACCESS_ADSERVICES_AD_ID" />
17-->[com.google.android.gms:play-services-ads-lite:22.4.0] AndroidManifest.xml:27:5-82
17-->[com.google.android.gms:play-services-ads-lite:22.4.0] AndroidManifest.xml:27:22-79
18    <uses-permission android:name="android.permission.ACCESS_ADSERVICES_ATTRIBUTION" />
18-->[com.google.android.gms:play-services-ads-lite:22.4.0] AndroidManifest.xml:28:5-88
18-->[com.google.android.gms:play-services-ads-lite:22.4.0] AndroidManifest.xml:28:22-85
19    <uses-permission android:name="android.permission.ACCESS_ADSERVICES_TOPICS" /> <!-- Android package visibility setting -->
19-->[com.google.android.gms:play-services-ads-lite:22.4.0] AndroidManifest.xml:29:5-83
19-->[com.google.android.gms:play-services-ads-lite:22.4.0] AndroidManifest.xml:29:22-80
20    <queries>
20-->[com.google.android.gms:play-services-ads-lite:22.4.0] AndroidManifest.xml:35:5-51:15
21
22        <!-- For browser content -->
23        <intent>
23-->[com.google.android.gms:play-services-ads-lite:22.4.0] AndroidManifest.xml:38:9-44:18
24            <action android:name="android.intent.action.VIEW" />
24-->[com.google.android.gms:play-services-ads-lite:22.4.0] AndroidManifest.xml:39:13-65
24-->[com.google.android.gms:play-services-ads-lite:22.4.0] AndroidManifest.xml:39:21-62
25
26            <category android:name="android.intent.category.BROWSABLE" />
26-->[com.google.android.gms:play-services-ads-lite:22.4.0] AndroidManifest.xml:41:13-74
26-->[com.google.android.gms:play-services-ads-lite:22.4.0] AndroidManifest.xml:41:23-71
27
28            <data android:scheme="https" />
28-->[com.google.android.gms:play-services-ads-lite:22.4.0] AndroidManifest.xml:43:13-44
28-->[com.google.android.gms:play-services-ads-lite:22.4.0] AndroidManifest.xml:43:19-41
29        </intent>
30        <!-- End of browser content -->
31        <!-- For CustomTabsService -->
32        <intent>
32-->[com.google.android.gms:play-services-ads-lite:22.4.0] AndroidManifest.xml:47:9-49:18
33            <action android:name="android.support.customtabs.action.CustomTabsService" />
33-->[com.google.android.gms:play-services-ads-lite:22.4.0] AndroidManifest.xml:48:13-90
33-->[com.google.android.gms:play-services-ads-lite:22.4.0] AndroidManifest.xml:48:21-87
34        </intent>
35        <!-- End of CustomTabsService -->
36    </queries>
37
38    <uses-permission android:name="android.permission.FOREGROUND_SERVICE" />
38-->[androidx.work:work-runtime:2.7.0] AndroidManifest.xml:28:5-77
38-->[androidx.work:work-runtime:2.7.0] AndroidManifest.xml:28:22-74
39
40    <application
40-->src/main/AndroidManifest.xml:3:2-35:16
41        android:name="com.example.lungonly.CustomApplication"
41-->src/main/AndroidManifest.xml:5:9-42
42        android:appComponentFactory="androidx.core.app.CoreComponentFactory"
42-->[androidx.core:core:1.8.0] AndroidManifest.xml:24:18-86
43        android:debuggable="true"
44        android:icon="@mipmap/ic_launcher"
44-->src/main/AndroidManifest.xml:6:9-43
45        android:label="lungonly" >
45-->src/main/AndroidManifest.xml:4:9-33
46        <activity
46-->src/main/AndroidManifest.xml:7:3-26:14
47            android:name="com.example.lungonly.MainActivity"
47-->src/main/AndroidManifest.xml:8:13-41
48            android:configChanges="orientation|keyboardHidden|keyboard|screenSize|smallestScreenSize|locale|layoutDirection|fontScale|screenLayout|density|uiMode"
48-->src/main/AndroidManifest.xml:12:13-163
49            android:exported="true"
49-->src/main/AndroidManifest.xml:9:13-36
50            android:hardwareAccelerated="true"
50-->src/main/AndroidManifest.xml:13:13-47
51            android:launchMode="singleTop"
51-->src/main/AndroidManifest.xml:10:13-43
52            android:theme="@style/LaunchTheme"
52-->src/main/AndroidManifest.xml:11:13-47
53            android:windowSoftInputMode="adjustResize" >
53-->src/main/AndroidManifest.xml:14:13-55
54
55            <!--
56                 Specifies an Android theme to apply to this Activity as soon as
57                 the Android process has started. This theme is visible to the user
58                 while the Flutter UI initializes. After that, this theme continues
59                 to determine the Window background behind the Flutter UI.
60            -->
61            <meta-data
61-->src/main/AndroidManifest.xml:19:4-21:56
62                android:name="io.flutter.embedding.android.NormalTheme"
62-->src/main/AndroidManifest.xml:20:17-72
63                android:resource="@style/NormalTheme" />
63-->src/main/AndroidManifest.xml:21:17-54
64            <meta-data
64-->src/main/AndroidManifest.xml:32:9-34:69
65                android:name="com.google.android.gms.ads.APPLICATION_ID"
65-->src/main/AndroidManifest.xml:33:13-69
66                android:value="ca-app-pub-9598772697004635~1220525208" />
66-->src/main/AndroidManifest.xml:34:13-67
67
68            <intent-filter>
68-->src/main/AndroidManifest.xml:22:4-25:20
69                <action android:name="android.intent.action.MAIN" />
69-->src/main/AndroidManifest.xml:23:5-56
69-->src/main/AndroidManifest.xml:23:13-54
70
71                <category android:name="android.intent.category.LAUNCHER" />
71-->src/main/AndroidManifest.xml:24:5-64
71-->src/main/AndroidManifest.xml:24:15-62
72            </intent-filter>
73        </activity>
74        <!--
75             Don't delete the meta-data below.
76             This is used by the Flutter tool to generate GeneratedPluginRegistrant.java
77        -->
78        <meta-data
78-->src/main/AndroidManifest.xml:29:3-31:33
79            android:name="flutterEmbedding"
79-->src/main/AndroidManifest.xml:30:13-44
80            android:value="2" />
80-->src/main/AndroidManifest.xml:31:13-30
81        <meta-data
81-->src/main/AndroidManifest.xml:32:9-34:69
82            android:name="com.google.android.gms.ads.APPLICATION_ID"
82-->src/main/AndroidManifest.xml:33:13-69
83            android:value="ca-app-pub-9598772697004635~1220525208" />
83-->src/main/AndroidManifest.xml:34:13-67
84
85        <service
85-->[:firebase_messaging] AndroidManifest.xml:16:9-19:72
86            android:name="io.flutter.plugins.firebase.messaging.FlutterFirebaseMessagingBackgroundService"
86-->[:firebase_messaging] AndroidManifest.xml:17:13-107
87            android:exported="false"
87-->[:firebase_messaging] AndroidManifest.xml:18:13-37
88            android:permission="android.permission.BIND_JOB_SERVICE" />
88-->[:firebase_messaging] AndroidManifest.xml:19:13-69
89        <service
89-->[:firebase_messaging] AndroidManifest.xml:20:9-26:19
90            android:name="io.flutter.plugins.firebase.messaging.FlutterFirebaseMessagingService"
90-->[:firebase_messaging] AndroidManifest.xml:21:13-97
91            android:exported="false" >
91-->[:firebase_messaging] AndroidManifest.xml:22:13-37
92            <intent-filter>
92-->[:firebase_messaging] AndroidManifest.xml:23:13-25:29
93                <action android:name="com.google.firebase.MESSAGING_EVENT" />
93-->[:firebase_messaging] AndroidManifest.xml:24:17-78
93-->[:firebase_messaging] AndroidManifest.xml:24:25-75
94            </intent-filter>
95        </service>
96
97        <receiver
97-->[:firebase_messaging] AndroidManifest.xml:28:9-35:20
98            android:name="io.flutter.plugins.firebase.messaging.FlutterFirebaseMessagingReceiver"
98-->[:firebase_messaging] AndroidManifest.xml:29:13-98
99            android:exported="true"
99-->[:firebase_messaging] AndroidManifest.xml:30:13-36
100            android:permission="com.google.android.c2dm.permission.SEND" >
100-->[:firebase_messaging] AndroidManifest.xml:31:13-73
101            <intent-filter>
101-->[:firebase_messaging] AndroidManifest.xml:32:13-34:29
102                <action android:name="com.google.android.c2dm.intent.RECEIVE" />
102-->[:firebase_messaging] AndroidManifest.xml:33:17-81
102-->[:firebase_messaging] AndroidManifest.xml:33:25-78
103            </intent-filter>
104        </receiver>
105
106        <service
106-->[:firebase_messaging] AndroidManifest.xml:37:9-41:19
107            android:name="com.google.firebase.components.ComponentDiscoveryService"
107-->[:firebase_messaging] AndroidManifest.xml:37:18-89
108            android:directBootAware="true"
108-->[com.google.firebase:firebase-common:20.3.3] AndroidManifest.xml:34:13-43
109            android:exported="false" >
109-->[com.google.firebase:firebase-iid:21.1.0] AndroidManifest.xml:31:13-37
110            <meta-data
110-->[:firebase_messaging] AndroidManifest.xml:38:13-40:85
111                android:name="com.google.firebase.components:io.flutter.plugins.firebase.messaging.FlutterFirebaseAppRegistrar"
111-->[:firebase_messaging] AndroidManifest.xml:39:17-128
112                android:value="com.google.firebase.components.ComponentRegistrar" />
112-->[:firebase_messaging] AndroidManifest.xml:40:17-82
113            <meta-data
113-->[:firebase_core] AndroidManifest.xml:11:13-13:85
114                android:name="com.google.firebase.components:io.flutter.plugins.firebase.core.FlutterFirebaseCoreRegistrar"
114-->[:firebase_core] AndroidManifest.xml:12:17-124
115                android:value="com.google.firebase.components.ComponentRegistrar" />
115-->[:firebase_core] AndroidManifest.xml:13:17-82
116            <meta-data
116-->[com.google.firebase:firebase-iid:21.1.0] AndroidManifest.xml:32:13-34:85
117                android:name="com.google.firebase.components:com.google.firebase.iid.Registrar"
117-->[com.google.firebase:firebase-iid:21.1.0] AndroidManifest.xml:33:17-96
118                android:value="com.google.firebase.components.ComponentRegistrar" />
118-->[com.google.firebase:firebase-iid:21.1.0] AndroidManifest.xml:34:17-82
119            <meta-data
119-->[com.google.firebase:firebase-messaging:23.2.1] AndroidManifest.xml:53:13-55:85
120                android:name="com.google.firebase.components:com.google.firebase.messaging.FirebaseMessagingRegistrar"
120-->[com.google.firebase:firebase-messaging:23.2.1] AndroidManifest.xml:54:17-119
121                android:value="com.google.firebase.components.ComponentRegistrar" />
121-->[com.google.firebase:firebase-messaging:23.2.1] AndroidManifest.xml:55:17-82
122            <meta-data
122-->[com.google.firebase:firebase-installations:17.1.4] AndroidManifest.xml:15:13-17:85
123                android:name="com.google.firebase.components:com.google.firebase.installations.FirebaseInstallationsRegistrar"
123-->[com.google.firebase:firebase-installations:17.1.4] AndroidManifest.xml:16:17-127
124                android:value="com.google.firebase.components.ComponentRegistrar" />
124-->[com.google.firebase:firebase-installations:17.1.4] AndroidManifest.xml:17:17-82
125            <meta-data
125-->[com.google.firebase:firebase-datatransport:18.1.7] AndroidManifest.xml:27:13-29:85
126                android:name="com.google.firebase.components:com.google.firebase.datatransport.TransportRegistrar"
126-->[com.google.firebase:firebase-datatransport:18.1.7] AndroidManifest.xml:28:17-115
127                android:value="com.google.firebase.components.ComponentRegistrar" />
127-->[com.google.firebase:firebase-datatransport:18.1.7] AndroidManifest.xml:29:17-82
128        </service>
129
130        <provider
130-->[:firebase_messaging] AndroidManifest.xml:43:9-47:38
131            android:name="io.flutter.plugins.firebase.messaging.FlutterFirebaseMessagingInitProvider"
131-->[:firebase_messaging] AndroidManifest.xml:44:13-102
132            android:authorities="com.example.lungonly.flutterfirebasemessaginginitprovider"
132-->[:firebase_messaging] AndroidManifest.xml:45:13-88
133            android:exported="false"
133-->[:firebase_messaging] AndroidManifest.xml:46:13-37
134            android:initOrder="99" />
134-->[:firebase_messaging] AndroidManifest.xml:47:13-35
135
136        <meta-data
136-->[:google_mobile_ads] AndroidManifest.xml:12:9-14:36
137            android:name="io.flutter.embedded_views_preview"
137-->[:google_mobile_ads] AndroidManifest.xml:13:13-61
138            android:value="true" />
138-->[:google_mobile_ads] AndroidManifest.xml:14:13-33
139
140        <uses-library
140-->[androidx.privacysandbox.ads:ads-adservices:1.0.0-beta05] AndroidManifest.xml:23:9-25:40
141            android:name="android.ext.adservices"
141-->[androidx.privacysandbox.ads:ads-adservices:1.0.0-beta05] AndroidManifest.xml:24:13-50
142            android:required="false" />
142-->[androidx.privacysandbox.ads:ads-adservices:1.0.0-beta05] AndroidManifest.xml:25:13-37
143        <uses-library
143-->[androidx.window:window:1.0.0-beta04] AndroidManifest.xml:25:9-27:40
144            android:name="androidx.window.extensions"
144-->[androidx.window:window:1.0.0-beta04] AndroidManifest.xml:26:13-54
145            android:required="false" />
145-->[androidx.window:window:1.0.0-beta04] AndroidManifest.xml:27:13-37
146        <uses-library
146-->[androidx.window:window:1.0.0-beta04] AndroidManifest.xml:28:9-30:40
147            android:name="androidx.window.sidecar"
147-->[androidx.window:window:1.0.0-beta04] AndroidManifest.xml:29:13-51
148            android:required="false" />
148-->[androidx.window:window:1.0.0-beta04] AndroidManifest.xml:30:13-37
149
150        <receiver
150-->[com.google.firebase:firebase-messaging:23.2.1] AndroidManifest.xml:29:9-36:20
151            android:name="com.google.firebase.iid.FirebaseInstanceIdReceiver"
151-->[com.google.firebase:firebase-messaging:23.2.1] AndroidManifest.xml:30:13-78
152            android:exported="true"
152-->[com.google.firebase:firebase-messaging:23.2.1] AndroidManifest.xml:31:13-36
153            android:permission="com.google.android.c2dm.permission.SEND" >
153-->[com.google.firebase:firebase-messaging:23.2.1] AndroidManifest.xml:32:13-73
154            <intent-filter>
154-->[:firebase_messaging] AndroidManifest.xml:32:13-34:29
155                <action android:name="com.google.android.c2dm.intent.RECEIVE" />
155-->[:firebase_messaging] AndroidManifest.xml:33:17-81
155-->[:firebase_messaging] AndroidManifest.xml:33:25-78
156            </intent-filter>
157        </receiver>
158        <!--
159             FirebaseMessagingService performs security checks at runtime,
160             but set to not exported to explicitly avoid allowing another app to call it.
161        -->
162        <service
162-->[com.google.firebase:firebase-messaging:23.2.1] AndroidManifest.xml:42:9-49:19
163            android:name="com.google.firebase.messaging.FirebaseMessagingService"
163-->[com.google.firebase:firebase-messaging:23.2.1] AndroidManifest.xml:43:13-82
164            android:directBootAware="true"
164-->[com.google.firebase:firebase-messaging:23.2.1] AndroidManifest.xml:44:13-43
165            android:exported="false" >
165-->[com.google.firebase:firebase-messaging:23.2.1] AndroidManifest.xml:45:13-37
166            <intent-filter android:priority="-500" >
166-->[:firebase_messaging] AndroidManifest.xml:23:13-25:29
167                <action android:name="com.google.firebase.MESSAGING_EVENT" />
167-->[:firebase_messaging] AndroidManifest.xml:24:17-78
167-->[:firebase_messaging] AndroidManifest.xml:24:25-75
168            </intent-filter>
169        </service>
170
171        <provider
171-->[com.google.firebase:firebase-common:20.3.3] AndroidManifest.xml:25:9-30:39
172            android:name="com.google.firebase.provider.FirebaseInitProvider"
172-->[com.google.firebase:firebase-common:20.3.3] AndroidManifest.xml:26:13-77
173            android:authorities="com.example.lungonly.firebaseinitprovider"
173-->[com.google.firebase:firebase-common:20.3.3] AndroidManifest.xml:27:13-72
174            android:directBootAware="true"
174-->[com.google.firebase:firebase-common:20.3.3] AndroidManifest.xml:28:13-43
175            android:exported="false"
175-->[com.google.firebase:firebase-common:20.3.3] AndroidManifest.xml:29:13-37
176            android:initOrder="100" /> <!-- Include the AdActivity and InAppPurchaseActivity configChanges and themes. -->
176-->[com.google.firebase:firebase-common:20.3.3] AndroidManifest.xml:30:13-36
177        <activity
177-->[com.google.android.gms:play-services-ads-lite:22.4.0] AndroidManifest.xml:56:9-61:43
178            android:name="com.google.android.gms.ads.AdActivity"
178-->[com.google.android.gms:play-services-ads-lite:22.4.0] AndroidManifest.xml:57:13-65
179            android:configChanges="keyboard|keyboardHidden|orientation|screenLayout|uiMode|screenSize|smallestScreenSize"
179-->[com.google.android.gms:play-services-ads-lite:22.4.0] AndroidManifest.xml:58:13-122
180            android:exported="false"
180-->[com.google.android.gms:play-services-ads-lite:22.4.0] AndroidManifest.xml:59:13-37
181            android:theme="@android:style/Theme.Translucent" />
181-->[com.google.android.gms:play-services-ads-lite:22.4.0] AndroidManifest.xml:60:13-61
182
183        <provider
183-->[com.google.android.gms:play-services-ads-lite:22.4.0] AndroidManifest.xml:63:9-68:43
184            android:name="com.google.android.gms.ads.MobileAdsInitProvider"
184-->[com.google.android.gms:play-services-ads-lite:22.4.0] AndroidManifest.xml:64:13-76
185            android:authorities="com.example.lungonly.mobileadsinitprovider"
185-->[com.google.android.gms:play-services-ads-lite:22.4.0] AndroidManifest.xml:65:13-73
186            android:exported="false"
186-->[com.google.android.gms:play-services-ads-lite:22.4.0] AndroidManifest.xml:66:13-37
187            android:initOrder="100" />
187-->[com.google.android.gms:play-services-ads-lite:22.4.0] AndroidManifest.xml:67:13-36
188
189        <service
189-->[com.google.android.gms:play-services-ads-lite:22.4.0] AndroidManifest.xml:70:9-74:43
190            android:name="com.google.android.gms.ads.AdService"
190-->[com.google.android.gms:play-services-ads-lite:22.4.0] AndroidManifest.xml:71:13-64
191            android:enabled="true"
191-->[com.google.android.gms:play-services-ads-lite:22.4.0] AndroidManifest.xml:72:13-35
192            android:exported="false" />
192-->[com.google.android.gms:play-services-ads-lite:22.4.0] AndroidManifest.xml:73:13-37
193
194        <activity
194-->[com.google.android.gms:play-services-ads-lite:22.4.0] AndroidManifest.xml:76:9-80:43
195            android:name="com.google.android.gms.ads.OutOfContextTestingActivity"
195-->[com.google.android.gms:play-services-ads-lite:22.4.0] AndroidManifest.xml:77:13-82
196            android:configChanges="keyboard|keyboardHidden|orientation|screenLayout|uiMode|screenSize|smallestScreenSize"
196-->[com.google.android.gms:play-services-ads-lite:22.4.0] AndroidManifest.xml:78:13-122
197            android:exported="false" />
197-->[com.google.android.gms:play-services-ads-lite:22.4.0] AndroidManifest.xml:79:13-37
198
199        <property
199-->[com.google.android.gms:play-services-ads-lite:22.4.0] AndroidManifest.xml:82:9-84:62
200            android:name="android.adservices.AD_SERVICES_CONFIG"
200-->[com.google.android.gms:play-services-ads-lite:22.4.0] AndroidManifest.xml:83:13-65
201            android:resource="@xml/gma_ad_services_config" />
201-->[com.google.android.gms:play-services-ads-lite:22.4.0] AndroidManifest.xml:84:13-59
202
203        <activity
203-->[com.google.android.gms:play-services-base:18.0.1] AndroidManifest.xml:20:9-22:45
204            android:name="com.google.android.gms.common.api.GoogleApiActivity"
204-->[com.google.android.gms:play-services-base:18.0.1] AndroidManifest.xml:20:19-85
205            android:exported="false"
205-->[com.google.android.gms:play-services-base:18.0.1] AndroidManifest.xml:22:19-43
206            android:theme="@android:style/Theme.Translucent.NoTitleBar" />
206-->[com.google.android.gms:play-services-base:18.0.1] AndroidManifest.xml:21:19-78
207
208        <meta-data
208-->[com.google.android.gms:play-services-basement:18.1.0] AndroidManifest.xml:21:9-23:69
209            android:name="com.google.android.gms.version"
209-->[com.google.android.gms:play-services-basement:18.1.0] AndroidManifest.xml:22:13-58
210            android:value="@integer/google_play_services_version" />
210-->[com.google.android.gms:play-services-basement:18.1.0] AndroidManifest.xml:23:13-66
211
212        <provider
212-->[androidx.work:work-runtime:2.7.0] AndroidManifest.xml:31:9-39:20
213            android:name="androidx.startup.InitializationProvider"
213-->[androidx.work:work-runtime:2.7.0] AndroidManifest.xml:32:13-67
214            android:authorities="com.example.lungonly.androidx-startup"
214-->[androidx.work:work-runtime:2.7.0] AndroidManifest.xml:33:13-68
215            android:exported="false" >
215-->[androidx.work:work-runtime:2.7.0] AndroidManifest.xml:34:13-37
216            <meta-data
216-->[androidx.work:work-runtime:2.7.0] AndroidManifest.xml:36:13-38:52
217                android:name="androidx.work.WorkManagerInitializer"
217-->[androidx.work:work-runtime:2.7.0] AndroidManifest.xml:37:17-68
218                android:value="androidx.startup" />
218-->[androidx.work:work-runtime:2.7.0] AndroidManifest.xml:38:17-49
219        </provider>
220
221        <service
221-->[androidx.work:work-runtime:2.7.0] AndroidManifest.xml:41:9-46:35
222            android:name="androidx.work.impl.background.systemalarm.SystemAlarmService"
222-->[androidx.work:work-runtime:2.7.0] AndroidManifest.xml:42:13-88
223            android:directBootAware="false"
223-->[androidx.work:work-runtime:2.7.0] AndroidManifest.xml:43:13-44
224            android:enabled="@bool/enable_system_alarm_service_default"
224-->[androidx.work:work-runtime:2.7.0] AndroidManifest.xml:44:13-72
225            android:exported="false" />
225-->[androidx.work:work-runtime:2.7.0] AndroidManifest.xml:45:13-37
226        <service
226-->[androidx.work:work-runtime:2.7.0] AndroidManifest.xml:47:9-53:35
227            android:name="androidx.work.impl.background.systemjob.SystemJobService"
227-->[androidx.work:work-runtime:2.7.0] AndroidManifest.xml:48:13-84
228            android:directBootAware="false"
228-->[androidx.work:work-runtime:2.7.0] AndroidManifest.xml:49:13-44
229            android:enabled="@bool/enable_system_job_service_default"
229-->[androidx.work:work-runtime:2.7.0] AndroidManifest.xml:50:13-70
230            android:exported="true"
230-->[androidx.work:work-runtime:2.7.0] AndroidManifest.xml:51:13-36
231            android:permission="android.permission.BIND_JOB_SERVICE" />
231-->[androidx.work:work-runtime:2.7.0] AndroidManifest.xml:52:13-69
232        <service
232-->[androidx.work:work-runtime:2.7.0] AndroidManifest.xml:54:9-59:35
233            android:name="androidx.work.impl.foreground.SystemForegroundService"
233-->[androidx.work:work-runtime:2.7.0] AndroidManifest.xml:55:13-81
234            android:directBootAware="false"
234-->[androidx.work:work-runtime:2.7.0] AndroidManifest.xml:56:13-44
235            android:enabled="@bool/enable_system_foreground_service_default"
235-->[androidx.work:work-runtime:2.7.0] AndroidManifest.xml:57:13-77
236            android:exported="false" />
236-->[androidx.work:work-runtime:2.7.0] AndroidManifest.xml:58:13-37
237
238        <receiver
238-->[androidx.work:work-runtime:2.7.0] AndroidManifest.xml:61:9-66:35
239            android:name="androidx.work.impl.utils.ForceStopRunnable$BroadcastReceiver"
239-->[androidx.work:work-runtime:2.7.0] AndroidManifest.xml:62:13-88
240            android:directBootAware="false"
240-->[androidx.work:work-runtime:2.7.0] AndroidManifest.xml:63:13-44
241            android:enabled="true"
241-->[androidx.work:work-runtime:2.7.0] AndroidManifest.xml:64:13-35
242            android:exported="false" />
242-->[androidx.work:work-runtime:2.7.0] AndroidManifest.xml:65:13-37
243        <receiver
243-->[androidx.work:work-runtime:2.7.0] AndroidManifest.xml:67:9-77:20
244            android:name="androidx.work.impl.background.systemalarm.ConstraintProxy$BatteryChargingProxy"
244-->[androidx.work:work-runtime:2.7.0] AndroidManifest.xml:68:13-106
245            android:directBootAware="false"
245-->[androidx.work:work-runtime:2.7.0] AndroidManifest.xml:69:13-44
246            android:enabled="false"
246-->[androidx.work:work-runtime:2.7.0] AndroidManifest.xml:70:13-36
247            android:exported="false" >
247-->[androidx.work:work-runtime:2.7.0] AndroidManifest.xml:71:13-37
248            <intent-filter>
248-->[androidx.work:work-runtime:2.7.0] AndroidManifest.xml:73:13-76:29
249                <action android:name="android.intent.action.ACTION_POWER_CONNECTED" />
249-->[androidx.work:work-runtime:2.7.0] AndroidManifest.xml:74:17-87
249-->[androidx.work:work-runtime:2.7.0] AndroidManifest.xml:74:25-84
250                <action android:name="android.intent.action.ACTION_POWER_DISCONNECTED" />
250-->[androidx.work:work-runtime:2.7.0] AndroidManifest.xml:75:17-90
250-->[androidx.work:work-runtime:2.7.0] AndroidManifest.xml:75:25-87
251            </intent-filter>
252        </receiver>
253        <receiver
253-->[androidx.work:work-runtime:2.7.0] AndroidManifest.xml:78:9-88:20
254            android:name="androidx.work.impl.background.systemalarm.ConstraintProxy$BatteryNotLowProxy"
254-->[androidx.work:work-runtime:2.7.0] AndroidManifest.xml:79:13-104
255            android:directBootAware="false"
255-->[androidx.work:work-runtime:2.7.0] AndroidManifest.xml:80:13-44
256            android:enabled="false"
256-->[androidx.work:work-runtime:2.7.0] AndroidManifest.xml:81:13-36
257            android:exported="false" >
257-->[androidx.work:work-runtime:2.7.0] AndroidManifest.xml:82:13-37
258            <intent-filter>
258-->[androidx.work:work-runtime:2.7.0] AndroidManifest.xml:84:13-87:29
259                <action android:name="android.intent.action.BATTERY_OKAY" />
259-->[androidx.work:work-runtime:2.7.0] AndroidManifest.xml:85:17-77
259-->[androidx.work:work-runtime:2.7.0] AndroidManifest.xml:85:25-74
260                <action android:name="android.intent.action.BATTERY_LOW" />
260-->[androidx.work:work-runtime:2.7.0] AndroidManifest.xml:86:17-76
260-->[androidx.work:work-runtime:2.7.0] AndroidManifest.xml:86:25-73
261            </intent-filter>
262        </receiver>
263        <receiver
263-->[androidx.work:work-runtime:2.7.0] AndroidManifest.xml:89:9-99:20
264            android:name="androidx.work.impl.background.systemalarm.ConstraintProxy$StorageNotLowProxy"
264-->[androidx.work:work-runtime:2.7.0] AndroidManifest.xml:90:13-104
265            android:directBootAware="false"
265-->[androidx.work:work-runtime:2.7.0] AndroidManifest.xml:91:13-44
266            android:enabled="false"
266-->[androidx.work:work-runtime:2.7.0] AndroidManifest.xml:92:13-36
267            android:exported="false" >
267-->[androidx.work:work-runtime:2.7.0] AndroidManifest.xml:93:13-37
268            <intent-filter>
268-->[androidx.work:work-runtime:2.7.0] AndroidManifest.xml:95:13-98:29
269                <action android:name="android.intent.action.DEVICE_STORAGE_LOW" />
269-->[androidx.work:work-runtime:2.7.0] AndroidManifest.xml:96:17-83
269-->[androidx.work:work-runtime:2.7.0] AndroidManifest.xml:96:25-80
270                <action android:name="android.intent.action.DEVICE_STORAGE_OK" />
270-->[androidx.work:work-runtime:2.7.0] AndroidManifest.xml:97:17-82
270-->[androidx.work:work-runtime:2.7.0] AndroidManifest.xml:97:25-79
271            </intent-filter>
272        </receiver>
273        <receiver
273-->[androidx.work:work-runtime:2.7.0] AndroidManifest.xml:100:9-109:20
274            android:name="androidx.work.impl.background.systemalarm.ConstraintProxy$NetworkStateProxy"
274-->[androidx.work:work-runtime:2.7.0] AndroidManifest.xml:101:13-103
275            android:directBootAware="false"
275-->[androidx.work:work-runtime:2.7.0] AndroidManifest.xml:102:13-44
276            android:enabled="false"
276-->[androidx.work:work-runtime:2.7.0] AndroidManifest.xml:103:13-36
277            android:exported="false" >
277-->[androidx.work:work-runtime:2.7.0] AndroidManifest.xml:104:13-37
278            <intent-filter>
278-->[androidx.work:work-runtime:2.7.0] AndroidManifest.xml:106:13-108:29
279                <action android:name="android.net.conn.CONNECTIVITY_CHANGE" />
279-->[androidx.work:work-runtime:2.7.0] AndroidManifest.xml:107:17-79